/home/falloutboy379/project_ws/src/ec545_final/install/ec545_final/lib/python3.10/site-packages/ec545_final/pathPlanner.py
/home/falloutboy379/project_ws/src/ec545_final/install/ec545_final/lib/python3.10/site-packages/ec545_final/glove.py
/home/falloutboy379/project_ws/src/ec545_final/install/ec545_final/lib/python3.10/site-packages/ec545_final/__init__.py
/home/falloutboy379/project_ws/src/ec545_final/install/ec545_final/lib/python3.10/site-packages/ec545_final/pidController.py
/home/falloutboy379/project_ws/src/ec545_final/install/ec545_final/lib/python3.10/site-packages/ec545_final/odometryPublisher.py
/home/falloutboy379/project_ws/src/ec545_final/install/ec545_final/lib/python3.10/site-packages/ec545_final/tagToOdo.py
/home/falloutboy379/project_ws/src/ec545_final/install/ec545_final/lib/python3.10/site-packages/ec545_final/newPlanner.py
/home/falloutboy379/project_ws/src/ec545_final/install/ec545_final/lib/python3.10/site-packages/ec545_final/pathPlannerSimulation_Working.py
/home/falloutboy379/project_ws/src/ec545_final/install/ec545_final/lib/python3.10/site-packages/ec545_final/OdometryLogger.py
/home/falloutboy379/project_ws/src/ec545_final/install/ec545_final/lib/python3.10/site-packages/ec545_final/testPlanner.py
/home/falloutboy379/project_ws/src/ec545_final/install/ec545_final/lib/python3.10/site-packages/ec545_final/spawner.py
/home/falloutboy379/project_ws/src/ec545_final/install/ec545_final/lib/python3.10/site-packages/ec545_final/pathPlannerCustom.py
/home/falloutboy379/project_ws/src/ec545_final/install/ec545_final/lib/python3.10/site-packages/ec545_final/__pycache__/pathPlanner.cpython-310.pyc
/home/falloutboy379/project_ws/src/ec545_final/install/ec545_final/lib/python3.10/site-packages/ec545_final/__pycache__/glove.cpython-310.pyc
/home/falloutboy379/project_ws/src/ec545_final/install/ec545_final/lib/python3.10/site-packages/ec545_final/__pycache__/__init__.cpython-310.pyc
/home/falloutboy379/project_ws/src/ec545_final/install/ec545_final/lib/python3.10/site-packages/ec545_final/__pycache__/pidController.cpython-310.pyc
/home/falloutboy379/project_ws/src/ec545_final/install/ec545_final/lib/python3.10/site-packages/ec545_final/__pycache__/odometryPublisher.cpython-310.pyc
/home/falloutboy379/project_ws/src/ec545_final/install/ec545_final/lib/python3.10/site-packages/ec545_final/__pycache__/tagToOdo.cpython-310.pyc
/home/falloutboy379/project_ws/src/ec545_final/install/ec545_final/lib/python3.10/site-packages/ec545_final/__pycache__/newPlanner.cpython-310.pyc
/home/falloutboy379/project_ws/src/ec545_final/install/ec545_final/lib/python3.10/site-packages/ec545_final/__pycache__/pathPlannerSimulation_Working.cpython-310.pyc
/home/falloutboy379/project_ws/src/ec545_final/install/ec545_final/lib/python3.10/site-packages/ec545_final/__pycache__/OdometryLogger.cpython-310.pyc
/home/falloutboy379/project_ws/src/ec545_final/install/ec545_final/lib/python3.10/site-packages/ec545_final/__pycache__/testPlanner.cpython-310.pyc
/home/falloutboy379/project_ws/src/ec545_final/install/ec545_final/lib/python3.10/site-packages/ec545_final/__pycache__/spawner.cpython-310.pyc
/home/falloutboy379/project_ws/src/ec545_final/install/ec545_final/lib/python3.10/site-packages/ec545_final/__pycache__/pathPlannerCustom.cpython-310.pyc
/home/falloutboy379/project_ws/src/ec545_final/install/ec545_final/share/ament_index/resource_index/packages/ec545_final
/home/falloutboy379/project_ws/src/ec545_final/install/ec545_final/share/ec545_final/package.xml
/home/falloutboy379/project_ws/src/ec545_final/install/ec545_final/share/ec545_final/robot.msg
/home/falloutboy379/project_ws/src/ec545_final/install/ec545_final/share/ec545_final/launch/turtle_launch.py
/home/falloutboy379/project_ws/src/ec545_final/install/ec545_final/lib/python3.10/site-packages/ec545_final-0.0.0-py3.10.egg-info/PKG-INFO
/home/falloutboy379/project_ws/src/ec545_final/install/ec545_final/lib/python3.10/site-packages/ec545_final-0.0.0-py3.10.egg-info/entry_points.txt
/home/falloutboy379/project_ws/src/ec545_final/install/ec545_final/lib/python3.10/site-packages/ec545_final-0.0.0-py3.10.egg-info/dependency_links.txt
/home/falloutboy379/project_ws/src/ec545_final/install/ec545_final/lib/python3.10/site-packages/ec545_final-0.0.0-py3.10.egg-info/requires.txt
/home/falloutboy379/project_ws/src/ec545_final/install/ec545_final/lib/python3.10/site-packages/ec545_final-0.0.0-py3.10.egg-info/SOURCES.txt
/home/falloutboy379/project_ws/src/ec545_final/install/ec545_final/lib/python3.10/site-packages/ec545_final-0.0.0-py3.10.egg-info/zip-safe
/home/falloutboy379/project_ws/src/ec545_final/install/ec545_final/lib/python3.10/site-packages/ec545_final-0.0.0-py3.10.egg-info/top_level.txt
/home/falloutboy379/project_ws/src/ec545_final/install/ec545_final/lib/ec545_final/glove
/home/falloutboy379/project_ws/src/ec545_final/install/ec545_final/lib/ec545_final/logger
/home/falloutboy379/project_ws/src/ec545_final/install/ec545_final/lib/ec545_final/odometryPublisher
/home/falloutboy379/project_ws/src/ec545_final/install/ec545_final/lib/ec545_final/planner
/home/falloutboy379/project_ws/src/ec545_final/install/ec545_final/lib/ec545_final/spawner
/home/falloutboy379/project_ws/src/ec545_final/install/ec545_final/lib/ec545_final/tagToOdo
